INFO:root:https://opentdb.com/api.php?amount=10&type=boolean
INFO:root:Question: &quot;Tachycardia&quot; or &quot;Tachyarrhythmia&quot; refers to a resting heart-rate near or over 100 BPM.
INFO:root:Answer: True
INFO:root:https://opentdb.com/api.php?amount=10&type=boolean
INFO:root:Question: Franz Joseph I was the last emperor of Austria.
INFO:root:Answer: False
INFO:root:https://opentdb.com/api.php?amount=10&type=boolean
INFO:root:Question: Metallica collaborated with Rowan Atkinson&#039;s Mr Bean on a 1992 comic relief single.
INFO:root:Answer: False
INFO:root:Question: The majority of Subaru vehicles are made in China.
INFO:root:Answer: False
INFO:root:Question: Wilt Chamberlain scored his infamous 100-point-game against the New York Knicks in 1962.
INFO:root:Answer: True
INFO:root:Question: Marilyn Monroe was born on July 1, 1926.
INFO:root:Answer: False
INFO:root:Question: Albert Einstein had trouble with mathematics when he was in school.
INFO:root:Answer: False
INFO:root:Question: The French word to travel is &quot;Travail&quot;
INFO:root:Answer: False
INFO:root:Question: There are 86400 seconds in a day.
INFO:root:Answer: True
INFO:root:Question: Soccer player Cristiano Ronaldo opened a museum dedicated to himself.
INFO:root:Answer: True
INFO:root:Question: In the &quot;Shrek&quot; film franchise, Donkey is played by Eddie Murphy.
INFO:root:Answer: True
INFO:root:Question: Amazon acquired Twitch in August 2014 for $970 million dollars.
INFO:root:Answer: True
INFO:root:https://opentdb.com/api.php?amount=10&type=boolean
INFO:root:Question: The game Garry&#039;s Mod originally took assets and codes from the popular Half Life 2 mod JBmod.
INFO:root:Answer: True
INFO:root:Question: L&#039;H&ocirc;pital was the mathematician who created the homonymous rule that uses derivatives to evaluate limits with indeterminations.
INFO:root:Answer: False
INFO:root:Question: The Killer Whale is considered a type of dolphin.
INFO:root:Answer: True
INFO:root:Question: The USS Missouri (BB-63) last served in the Korean War.
INFO:root:Answer: False
INFO:root:Question: George W. Bush lost the popular vote in the 2004 United States presidential election.
INFO:root:Answer: False
INFO:root:Question: One of Donald Trump&#039;s 2016 Presidential Campaign promises was to build a border wall between the United States and Mexico.
INFO:root:Answer: True
INFO:root:Question: In the TV series Red Dwarf, Kryten&#039;s full name is Kryten 2X4B-523P.
INFO:root:Answer: True
INFO:root:https://opentdb.com/api.php?amount=10&type=boolean
INFO:root:Question: Instant mashed potatoes were invented by Canadian Edward Asselbergs in 1962.
INFO:root:Answer: True
INFO:root:https://opentdb.com/api.php?amount=10&type=boolean
INFO:root:Question: "Resident Evil 7" is the first first-person Resident Evil game.
INFO:root:Answer: False
INFO:root:Question: The character Plum from "No Game No Life" is a girl.
INFO:root:Answer: False
INFO:root:Question: In "Call Of Duty: Zombies", you can upgrade the "Apothicon Servant" in the "Shadows Of Evil" map.
INFO:root:Answer: False
INFO:root:Question: The Battle of Trafalgar took place on October 23rd, 1805
INFO:root:Answer: False
INFO:root:Question: Throughout the entirety of "Dragon Ball Z", Goku only kills two characters: a miniboss named Yakon and Kid Buu.
INFO:root:Answer: True
INFO:root:Question: In "Overwatch," an allied McCree will say "Step right up" upon using his ultimate ability Deadeye.
INFO:root:Answer: True
INFO:root:Question: According to Norse mythology, Loki is a mother.
INFO:root:Answer: True
INFO:root:Question: Big the Cat is a playable character in "Sonic Generations".
INFO:root:Answer: False
INFO:root:Question: There is a city called Rome in every continent on Earth.
INFO:root:Answer: False
INFO:root:Question: Japan was part of the Allied Powers during World War I.
INFO:root:Answer: True
INFO:root:https://opentdb.com/api.php?amount=10&type=boolean
INFO:root:Question: In the Resident Evil series, Leon S. Kennedy is a member of STARS.
INFO:root:Answer: False
INFO:root:https://opentdb.com/api.php?amount=10&type=boolean
INFO:root:https://opentdb.com/api.php?amount=10&type=boolean
INFO:root:https://opentdb.com/api.php?amount=10&type=boolean
INFO:root:https://opentdb.com/api.php?amount=10&type=boolean
INFO:root:https://opentdb.com/api.php?amount=10&type=boolean
INFO:root:https://opentdb.com/api.php?amount=10&type=boolean
INFO:root:https://opentdb.com/api.php?amount=10&type=boolean
INFO:root:https://opentdb.com/api.php?amount=10&type=boolean
INFO:root:https://opentdb.com/api.php?amount=10&type=boolean
INFO:root:https://opentdb.com/api.php?amount=10&type=boolean
INFO:root:https://opentdb.com/api.php?amount=10&type=boolean
INFO:root:https://opentdb.com/api.php?amount=10&type=boolean
INFO:root:https://opentdb.com/api.php?amount=10&type=boolean
INFO:root:https://opentdb.com/api.php?amount=10&type=boolean
INFO:root:https://opentdb.com/api.php?amount=10&type=boolean
INFO:root:https://opentdb.com/api.php?amount=10&type=boolean
INFO:root:https://opentdb.com/api.php?amount=10&type=boolean
INFO:root:https://opentdb.com/api.php?amount=10&type=boolean
INFO:root:https://opentdb.com/api.php?amount=10&type=boolean
INFO:root:https://opentdb.com/api.php?amount=10&type=boolean
INFO:root:https://opentdb.com/api.php?amount=10&type=boolean
INFO:root:https://opentdb.com/api.php?amount=10&type=boolean
INFO:root:https://opentdb.com/api.php?amount=10&type=boolean
INFO:root:https://opentdb.com/api.php?amount=10&type=boolean
INFO:root:https://opentdb.com/api.php?amount=10&type=boolean
INFO:root:Question: The Xenomorph from the science fiction film "Alien" has acidic blood.
INFO:root:Answer: True
INFO:root:https://opentdb.com/api.php?amount=10&type=boolean
INFO:root:Question: Japan was part of the Allied Powers during World War I.
INFO:root:Answer: True
INFO:root:https://opentdb.com/api.php?amount=10&type=boolean
INFO:root:Question: The cover of The Beatles album "Abbey Road" featured a Volkswagen Beetle in the background.
INFO:root:Answer: True
INFO:root:https://opentdb.com/api.php?amount=10&type=boolean
INFO:root:Question: The retail disc of Tony Hawk's Pro Skater 5 only comes with the tutorial.
INFO:root:Answer: True
INFO:root:https://opentdb.com/api.php?amount=10&type=boolean
INFO:root:Question: The Neanderthals were a direct ancestor of modern humans.
INFO:root:Answer: False
INFO:root:https://opentdb.com/api.php?amount=10&type=boolean
INFO:root:Question: The Great Wall of China is visible from the moon.
INFO:root:Answer: False
INFO:root:https://opentdb.com/api.php?amount=10&type=boolean
INFO:root:Question: The music group Daft Punk got their name from a negative review they recieved.
INFO:root:Answer: True
INFO:root:https://opentdb.com/api.php?amount=10&type=boolean
INFO:root:Question: Soccer player Cristiano Ronaldo opened a museum dedicated to himself.
INFO:root:Answer: True
INFO:root:https://opentdb.com/api.php?amount=10&type=boolean
INFO:root:Question: Seoul is the capital of North Korea.
INFO:root:Answer: False
INFO:root:https://opentdb.com/api.php?amount=10&type=boolean
INFO:root:Question: The HTML5 standard was published in 2014.
INFO:root:Answer: True
INFO:root:https://opentdb.com/api.php?amount=10&type=boolean
INFO:root:https://opentdb.com/api.php?amount=10&type=boolean
INFO:root:https://opentdb.com/api.php?amount=10&type=boolean
INFO:root:https://opentdb.com/api.php?amount=10&type=boolean
INFO:root:https://opentdb.com/api.php?amount=10&type=boolean
INFO:root:https://opentdb.com/api.php?amount=10&type=boolean
INFO:root:https://opentdb.com/api.php?amount=10&type=boolean
INFO:root:https://opentdb.com/api.php?amount=10&type=boolean
INFO:root:Question: In 1993 Swedish car manufacturer Saab experimented with replacing the steering wheel with a joystick in a Saab 9000.
INFO:root:Answer: True
INFO:root:https://opentdb.com/api.php?amount=10&type=boolean
INFO:root:Question: Arcade Fire's 'The Suburbs' won the Album of the Year award in the 2011 Grammys.
INFO:root:Answer: True
INFO:root:https://opentdb.com/api.php?amount=10&type=boolean
INFO:root:Question: The main character in the "Half-Life" franchise is named Morgan Freeman.
INFO:root:Answer: False
INFO:root:https://opentdb.com/api.php?amount=10&type=boolean
INFO:root:Question: Igneous rocks are formed by excessive heat and pressure.
INFO:root:Answer: False
INFO:root:https://opentdb.com/api.php?amount=10&type=boolean
INFO:root:Question: The Kingdom of Prussia briefly held land in Estonia.
INFO:root:Answer: False
INFO:root:https://opentdb.com/api.php?amount=10&type=boolean
INFO:root:Question: The Great Wall of China is visible from the moon.
INFO:root:Answer: False
INFO:root:https://opentdb.com/api.php?amount=10&type=boolean
INFO:root:Question: The Japanese Shinkansen beat the French TGV's speed record for fastest electric rail train.
INFO:root:Answer: False
INFO:root:https://opentdb.com/api.php?amount=10&type=boolean
INFO:root:Question: There aren't any live-action clones in "Star Wars: Episode III - Revenge of the Sith".
INFO:root:Answer: True
INFO:root:Question: The 2010 film "The Social Network" is a biographical drama film about MySpace founder Tom Anderson.
INFO:root:Answer: False
INFO:root:Question: The card game "Munchkin" won the 2001 Origins Award for Best Traditional Card Game.
INFO:root:Answer: True
INFO:root:Question: Solid Snake is actually a clone from the DNA of Big Boss in the Metal Gear Solid series' history.
INFO:root:Answer: True
INFO:root:Question: "Elementary, my dear Watson" is a phrase that is never truly said within the Conan Doyle books of Sherlock Holmes.
INFO:root:Answer: True
INFO:root:Question: Bugatti was an Italian car manufacturer.
INFO:root:Answer: False
INFO:root:Question: Nickelodeon rejected the pilot to Adventure Time.
INFO:root:Answer: True
INFO:root:Question: Resident Evil 4 was originally meant to be a Nintendo GameCube exclusive.
INFO:root:Answer: True
INFO:root:Question: Michael Jackson wrote The Simpsons song "Do the Bartman".
INFO:root:Answer: False
INFO:root:https://opentdb.com/api.php?amount=10&type=boolean
INFO:root:Question: Sargon II, a king of the Neo-Assyrian Empire, was a direct descendant of Sargon of Akkad.
INFO:root:Answer: False
INFO:root:https://opentdb.com/api.php?amount=10&type=boolean
INFO:root:Question: The Mann Co. Store from Team Fortress 2 has the slogan "We hire mercenaries and get in fights".
INFO:root:Answer: False
INFO:root:Question: Gumbo is a stew that originated in Louisiana.
INFO:root:Answer: True
INFO:root:Question: Peyton Manning retired after winning Super Bowl XLIX.
INFO:root:Answer: False
INFO:root:Question: Vietnam is the only country in the world that starts with V. 
INFO:root:Answer: False
INFO:root:Question: In 2016, the IUCN reclassified the status of Giant Pandas from endangered to vulnerable.
INFO:root:Answer: True
INFO:root:Question: The average lifespan of a wildcat is only around 5-6 years. 
INFO:root:Answer: False
INFO:root:Question: In Greek mythology, Hera is the goddess of harvest.
INFO:root:Answer: False
INFO:root:Question: An average human can go two weeks without water.
INFO:root:Answer: False
INFO:root:Question: In "To Love-Ru: Darkness", Yami reveals her real name is Eve.
INFO:root:Answer: True
INFO:root:https://opentdb.com/api.php?amount=10&type=boolean
INFO:root:https://opentdb.com/api.php?amount=10&type=boolean
INFO:root:Question: The common software-programming acronym "I18N" comes from the term "Interlocalization".
INFO:root:Answer: False
INFO:root:Question: Japan was part of the Allied Powers during World War I.
INFO:root:Answer: True
INFO:root:https://opentdb.com/api.php?amount=10&type=boolean
INFO:root:Question: Amazon acquired Twitch in August 2014 for $970 million dollars.
INFO:root:Answer: True
INFO:root:Question: Sargon II, a king of the Neo-Assyrian Empire, was a direct descendant of Sargon of Akkad.
INFO:root:Answer: False
INFO:root:Question: The Ace Attorney trilogy was suppose to end with "Phoenix Wright: Ace Attorney − Trials and Tribulations" as its final game.
INFO:root:Answer: True
INFO:root:Question: There are 6 legendary cards in "Clash Royale".
INFO:root:Answer: False
INFO:root:https://opentdb.com/api.php?amount=10&type=boolean
INFO:root:Question: Leonardo DiCaprio won an Oscar for Best Actor in 2004's "The Aviator".
INFO:root:Answer: False
INFO:root:https://opentdb.com/api.php?amount=10&type=boolean
INFO:root:Question: The Ceratosaurus, a dinosaur known for having a horn on the top of its nose, is also known to be a decendent of the Tyrannosaurus Rex.
INFO:root:Answer: False
INFO:root:Question: Israel is 7 hours ahead of New York.
INFO:root:Answer: True
INFO:root:Question: The country song  “A Boy Named Sue” was written by Shel Silverstein.
INFO:root:Answer: True
INFO:root:Question: According to Greek Mythology, Zeus can control lightning.
INFO:root:Answer: True
INFO:root:Question: An atom contains a nucleus.
INFO:root:Answer: True
INFO:root:Question: The Windows ME operating system was released in the year 2000.
INFO:root:Answer: True
INFO:root:Question: The band STRFKR was also briefly known as Pyramiddd.
INFO:root:Answer: True
INFO:root:Question: In Pokémon, Bulbasaur is the only starter pokemon that is a Grass/Poison type.
INFO:root:Answer: True
INFO:root:https://opentdb.com/api.php?amount=10&type=boolean
INFO:root:Question: The word "Inception" came from the 2010 blockbuster hit "Inception".
INFO:root:Answer: False
INFO:root:https://opentdb.com/api.php?amount=10&type=boolean
INFO:root:Question: The Cold War ended with Joseph Stalin's death.
INFO:root:Answer: False
INFO:root:https://opentdb.com/api.php?amount=10&type=boolean
INFO:root:Question: Nintendo started out as a playing card manufacturer.
INFO:root:Answer: True
INFO:root:https://opentdb.com/api.php?amount=10&type=boolean
INFO:root:Question: Michael Jackson had a pet python named ‘Crusher’.
INFO:root:Answer: True
INFO:root:Question: Soccer player Cristiano Ronaldo opened a museum dedicated to himself.
INFO:root:Answer: True
INFO:root:Question: Deadpool's identity is Slade Wilson.
INFO:root:Answer: False
INFO:root:Question: Rannamaari was a sea demon that haunted the people of the Maldives and had to be appeased monthly with the sacrifice of a virgin girl.
INFO:root:Answer: True
INFO:root:Question: Albert Einstein had trouble with mathematics when he was in school.
INFO:root:Answer: False
INFO:root:Question: Klingons express emotion in art through opera and poetry.
INFO:root:Answer: True
INFO:root:Question: You can square root a negative number with an imaginary number "i".
INFO:root:Answer: True
INFO:root:Question: Rhode Island is actually located on the US mainland, despite its name.
INFO:root:Answer: True
INFO:root:Question: An equilateral triangle always has every angle measuring 60°.
INFO:root:Answer: True
INFO:root:https://opentdb.com/api.php?amount=10&type=boolean
INFO:root:Question: In the "Shrek" film franchise, Donkey is played by Eddie Murphy.
INFO:root:Answer: True
INFO:root:Question: The common software-programming acronym "I18N" comes from the term "Interlocalization".
INFO:root:Answer: False
INFO:root:Question: The Republic of Malta is the smallest microstate worldwide.
INFO:root:Answer: False
INFO:root:Question: Ashley Frangipane performs under the stage name Halsey.
INFO:root:Answer: True
INFO:root:Question: Ada Lovelace is often considered the first computer programmer.
INFO:root:Answer: True
INFO:root:Question: United States President Ronald Reagan was the first president to appoint a woman to the Supreme Court. 
INFO:root:Answer: True
INFO:root:Question: Bugatti was an Italian car manufacturer.
INFO:root:Answer: False
INFO:root:Question: In "JoJo's Bizarre Adventure", Father Enrico Pucchi uses a total of 3 stands in Part 6: Stone Ocean.
INFO:root:Answer: True
INFO:root:Question: In "To Love-Ru: Darkness", Yami reveals her real name is Eve.
INFO:root:Answer: True
INFO:root:Question: The game "Jetpack Joyride" was created by "Redbrick Studios".
INFO:root:Answer: False
INFO:root:https://opentdb.com/api.php?amount=10&type=boolean
INFO:root:Question: Israel is 7 hours ahead of New York.
INFO:root:Answer: True
INFO:root:Question: Ewan McGregor did not know the name of the second prequel film of Star Wars during and after filming.
INFO:root:Answer: True
INFO:root:Question: TF2: The Medic will be credited for an assist if he heals a Spy that successfully saps a building.
INFO:root:Answer: True
INFO:root:Question: An exothermic reaction is a chemical reaction that releases energy by radiating electricity.
INFO:root:Answer: False
INFO:root:Question: During the Winter War, the amount of Soviet Union soliders that died or went missing was five times more than Finland's.
INFO:root:Answer: True
INFO:root:Question: In the Season One Championship of "League of Legends", the highest achievable rank was Diamond.
INFO:root:Answer: False
INFO:root:Question: Jeb Bush was elected as Governor of Florida in 2002, starting his political career.
INFO:root:Answer: False
INFO:root:Question: Vietnam's national flag is a red star in front of a yellow background.
INFO:root:Answer: False
INFO:root:Question: During pre-production of "Super Mario Bros.", Mario originally was meant to shoot bullets.
INFO:root:Answer: True
INFO:root:Question: "Tachycardia" or "Tachyarrhythmia" refers to a resting heart-rate near or over 100 BPM.
INFO:root:Answer: True
INFO:root:https://opentdb.com/api.php?amount=10&type=boolean
INFO:root:Question: The music video to The Buggle's "Video Killed the Radio Star" was the first music video to broadcast on MTV.
INFO:root:Answer: True
INFO:root:https://opentdb.com/api.php?amount=10&type=boolean
INFO:root:Question: A slug’s blood is green.
INFO:root:Answer: True
INFO:root:Question: This is the correct spelling of "Supercalifragilisticexpialidocious".
INFO:root:Answer: True
INFO:root:Question: An eggplant is a vegetable.
INFO:root:Answer: False
INFO:root:Question: Bulls are attracted to the color red.
INFO:root:Answer: False
INFO:root:Question: Microphones can be used not only to pick up sound, but also to project sound similar to a speaker.
INFO:root:Answer: True
INFO:root:Question: In Rocket League, you can play Basketball.
INFO:root:Answer: True
INFO:root:https://opentdb.com/api.php?amount=10&type=boolean
INFO:root:Question: "Typewriter" is the longest word that can be typed using only the first row on a QWERTY keyboard.
INFO:root:Answer: True
INFO:root:https://opentdb.com/api.php?amount=10&type=boolean
INFO:root:Question: Clefairy was intended to be Ash's starting Pokémon in the pilot episode of the cartoon.
INFO:root:Answer: True
INFO:root:https://opentdb.com/api.php?amount=10&type=boolean
INFO:root:Question: In "Super Mario 64", collecting 100 coins on a level will give you a 1-UP.
INFO:root:Answer: False
INFO:root:https://opentdb.com/api.php?amount=10&type=boolean
INFO:root:Question: The bikini is named after the "Bikini Atoll", an island where the United States conducted tests on atomic bombs.
INFO:root:Answer: True
INFO:root:https://opentdb.com/api.php?amount=10&type=boolean
INFO:root:Question: There was a satirical candidate named "Deez Nuts" running in the 2016 US presidential elections.
INFO:root:Answer: True
INFO:root:https://opentdb.com/api.php?amount=10&type=boolean
INFO:root:Question: The retail disc of Tony Hawk's Pro Skater 5 only comes with the tutorial.
INFO:root:Answer: True
INFO:root:https://opentdb.com/api.php?amount=10&type=boolean
INFO:root:Question: The Ceratosaurus, a dinosaur known for having a horn on the top of its nose, is also known to be a decendent of the Tyrannosaurus Rex.
INFO:root:Answer: False
INFO:root:Question: French is an official language in Canada.
INFO:root:Answer: True
INFO:root:Question: In "Mario Kart 64", Waluigi is a playable character.
INFO:root:Answer: False
INFO:root:Question: Luigi is taller than Mario?
INFO:root:Answer: True
INFO:root:Question: Sitting for more than three hours a day can cut two years off a person's life expectancy.
INFO:root:Answer: True
INFO:root:https://opentdb.com/api.php?amount=10&type=boolean
INFO:root:Question: Faust is a playable character in "Guilty Gear Xrd Revelator".
INFO:root:Answer: True
INFO:root:https://opentdb.com/api.php?amount=10&type=boolean
INFO:root:Question: Seoul is the capital of North Korea.
INFO:root:Answer: False
INFO:root:Question: Greenland is covered with grass and Iceland covered with ice.
INFO:root:Answer: False
INFO:root:Question: Metal Gear Solid V: The Phantom Pain runs on the Fox Engine.
INFO:root:Answer: True
INFO:root:Question: The fourth funnel of the RMS Titanic was fake designed to make the ship look more powerful and symmetrical.
INFO:root:Answer: True
INFO:root:Question: The full English name of the car manufacturer BMW is Bavarian Motor Works
INFO:root:Answer: True
INFO:root:Question: St. Louis is the capital of the US State Missouri.
INFO:root:Answer: False
INFO:root:Question: Nickelodeon rejected the pilot to Adventure Time.
INFO:root:Answer: True
INFO:root:Question: Linux was first created as an alternative to Windows XP.
INFO:root:Answer: False
INFO:root:Question: Bob Ross was a US Air Force pilot.
INFO:root:Answer: False
INFO:root:Question: Druid is a mage class in "Log Horizon".
INFO:root:Answer: False
INFO:root:https://opentdb.com/api.php?amount=10&type=boolean
INFO:root:Question: FLAC stands for "Free Lossless Audio Condenser"'
INFO:root:Answer: False
INFO:root:Question: Soccer player Cristiano Ronaldo opened a museum dedicated to himself.
INFO:root:Answer: True
INFO:root:Question: Ewan McGregor did not know the name of the second prequel film of Star Wars during and after filming.
INFO:root:Answer: True
INFO:root:Question: TF2: The Medic will be credited for an assist if he heals a Spy that successfully saps a building.
INFO:root:Answer: True
INFO:root:Question: The General Motors EV1 was the first street-legal production electric vehicle.
INFO:root:Answer: False
INFO:root:Question: The ADAM collecters in the Bioshock series are known as Little Sisters.
INFO:root:Answer: True
INFO:root:Question: In the "To Love-Ru" series, Peke is considered a female robot.
INFO:root:Answer: True
INFO:root:Question: In "Need for Speed: Porsche Unleashed", the player can only drive cars manufactured by Porsche.
INFO:root:Answer: True
INFO:root:Question: The British organisation CAMRA stands for The Campaign for Real Ale.
INFO:root:Answer: True
INFO:root:Question: The game Garry's Mod originally took assets and codes from the popular Half Life 2 mod JBmod.
INFO:root:Answer: True
INFO:root:https://opentdb.com/api.php?amount=10&type=boolean
INFO:root:Question: Furby was released in 1998.
INFO:root:Answer: True
INFO:root:Question: The 'Squaring the Circle' problem is solvable.
INFO:root:Answer: False
INFO:root:Question: No Game No Life first aired in 2014.
INFO:root:Answer: True
INFO:root:https://opentdb.com/api.php?amount=10&type=boolean
INFO:root:Question: The logo for Snapchat is a Bell.
INFO:root:Answer: False
INFO:root:Question: The word "Inception" came from the 2010 blockbuster hit "Inception".
INFO:root:Answer: False
INFO:root:Question: In the original script of "The Matrix", the machines used humans as additional computing power instead of batteries.
INFO:root:Answer: True
INFO:root:Question: The anime "Lucky Star" follows the story of one girl who is unaware she is God.
INFO:root:Answer: False
INFO:root:Question: In 1967, a magazine published a story about extracting hallucinogenic chemicals from bananas to raise moral questions about banning drugs.
INFO:root:Answer: True
INFO:root:Question: "Metal Gear Solid 3: Snake Eater" was released in 2004.
INFO:root:Answer: True
INFO:root:Question: Francis Bacon died from a fatal case of pneumonia while he was attempting to preserve meat by stuffing a chicken with snow.
INFO:root:Answer: True
INFO:root:Question: Rabbits are carnivores.
INFO:root:Answer: False
INFO:root:Question: In Until Dawn, both characters Sam and Mike cannot be killed under any means until the final chapter of the game.
INFO:root:Answer: True
INFO:root:Question: "Tachycardia" or "Tachyarrhythmia" refers to a resting heart-rate near or over 100 BPM.
INFO:root:Answer: True
INFO:root:https://opentdb.com/api.php?amount=10&type=boolean
INFO:root:Question: The cover of The Beatles album "Abbey Road" featured a Volkswagen Beetle in the background.
INFO:root:Answer: True
INFO:root:Question: There are 6 legendary cards in "Clash Royale".
INFO:root:Answer: False
INFO:root:Question: According to Greek Mythology, Zeus can control lightning.
INFO:root:Answer: True
INFO:root:Question: In 1967, a magazine published a story about extracting hallucinogenic chemicals from bananas to raise moral questions about banning drugs.
INFO:root:Answer: True
INFO:root:Question: In the webcomic Homestuck, the first character introduced is Dave Strider.
INFO:root:Answer: False
INFO:root:Question: The first dual-core CPU was the Intel Pentium D.
INFO:root:Answer: False
INFO:root:Question: Pistons were added to Minecraft in Beta 1.5.
INFO:root:Answer: False
INFO:root:Question: The 2011 movie "The Adventures of Tintin" was directed by Steven Spielberg.
INFO:root:Answer: True
INFO:root:Question: Doki Doki Literature Club was developed in Japan.
INFO:root:Answer: False
INFO:root:Question: The T-Mobile Sidekick smartphone is a re-branded version of the Danger Hiptop.
INFO:root:Answer: True
INFO:root:https://opentdb.com/api.php?amount=10&type=boolean
INFO:root:Question: The first televised presidential debate was between Jimmy Carter and Gerald Ford.
INFO:root:Answer: False
INFO:root:Question: In "Super Mario 64", collecting 100 coins on a level will give you a 1-UP.
INFO:root:Answer: False
INFO:root:Question: In the original script of "The Matrix", the machines used humans as additional computing power instead of batteries.
INFO:root:Answer: True
INFO:root:Question: Vietnam is the only country in the world that starts with V. 
INFO:root:Answer: False
INFO:root:Question: "Elementary, my dear Watson" is a phrase that is never truly said within the Conan Doyle books of Sherlock Holmes.
INFO:root:Answer: True
INFO:root:Question: In Battlestar Galactica (2004), Cylons were created by man as cybernetic workers and soldiers.
INFO:root:Answer: True
INFO:root:Question: Klingons once had a period of Democracy in their history, they referred to it as the "Dark Times".
INFO:root:Answer: True
INFO:root:Question: The set of all algebraic numbers is countable.
INFO:root:Answer: True
INFO:root:Question: Scotland voted to become an independent country during the referendum from September 2014.
INFO:root:Answer: False
INFO:root:Question: The freshwater amphibian, the Axolotl, can regrow it's limbs.
INFO:root:Answer: True
INFO:root:https://opentdb.com/api.php?amount=10&type=boolean
INFO:root:Question: Japan was part of the Allied Powers during World War I.
INFO:root:Answer: True
INFO:root:Question: The Xenomorph from the science fiction film "Alien" has acidic blood.
INFO:root:Answer: True
INFO:root:Question: In World of Warcraft lore, Thrall is the original wielder of "Doomhammer".
INFO:root:Answer: False
INFO:root:Question: Denmark has a monarch.
INFO:root:Answer: True
INFO:root:Question: In the original Star Wars trilogy, David Prowse was the actor who physically portrayed Darth Vader.
INFO:root:Answer: True
INFO:root:Question: Tupac Shakur died due to complications from being stabbed in 1996.
INFO:root:Answer: False
INFO:root:Question: Not including false teeth; A human has two sets of teeth in their lifetime.
INFO:root:Answer: True
INFO:root:Question: The singer Billie Holiday was also known as "Lady Day".
INFO:root:Answer: True
INFO:root:Question: Only one country in the world starts with the letter Q.
INFO:root:Answer: True
INFO:root:Question: YouTube personality Jenna Marbles served as an executive producer of the film Maximum Ride (2016).
INFO:root:Answer: True
INFO:root:https://opentdb.com/api.php?amount=10&type=boolean
INFO:root:Question: The music video to The Buggle's "Video Killed the Radio Star" was the first music video to broadcast on MTV.
INFO:root:Answer: True
INFO:root:Question: A defibrillator is used to start up a heartbeat once a heart has stopped beating.
INFO:root:Answer: False
INFO:root:Question: A scientific study on peanuts in bars found traces of over 100 unique specimens of urine.
INFO:root:Answer: False
INFO:root:Question: Ewan McGregor did not know the name of the second prequel film of Star Wars during and after filming.
INFO:root:Answer: True
INFO:root:Question: "HTML" stands for Hypertext Markup Language.
INFO:root:Answer: True
INFO:root:Question: "Cube", "Cube 2: Hypercube" and "Cube Zero" were directed by the same person.
INFO:root:Answer: False
INFO:root:Question: The names of Roxas's Keyblades in Kingdom Hearts are "Oathkeeper" and "Oblivion".
INFO:root:Answer: True
INFO:root:Question: All of these maps were in "Tom Clancy's Rainbow Six Siege" on its initial release: House, Clubhouse, Border, Consulate.
INFO:root:Answer: False
INFO:root:Question: Nova Scotia is on the east coast of Canada.
INFO:root:Answer: True
INFO:root:Question: The character Plum from "No Game No Life" is a girl.
INFO:root:Answer: False
INFO:root:https://opentdb.com/api.php?amount=10&type=boolean
INFO:root:Question: The Neanderthals were a direct ancestor of modern humans.
INFO:root:Answer: False
INFO:root:Question: The "Gympie Stinger" is the deadliest plant in the world.
INFO:root:Answer: False
INFO:root:Question: San Marino is the only country completely surrounded by another country.
INFO:root:Answer: False
INFO:root:Question: Alaska is the largest state in the United States.
INFO:root:Answer: True
INFO:root:Question: Anatomy considers the forms of macroscopic structures such as organs and organ systems.
INFO:root:Answer: True
INFO:root:Question: St. Louis is the capital of the US State Missouri.
INFO:root:Answer: False
INFO:root:Question: Celiac Disease is a disease that effects the heart, causing those effected to be unable to eat meat.
INFO:root:Answer: False
INFO:root:Question: "Foodfight!" earned less than $80,000 at box office.
INFO:root:Answer: True
INFO:root:Question: BMW M GmbH is a subsidiary of BMW AG that focuses on car performance.
INFO:root:Answer: True
INFO:root:Question: An isosceles triangle has two sides of equal length as opposed to three.
INFO:root:Answer: True
INFO:root:https://opentdb.com/api.php?amount=10&type=boolean
INFO:root:Question: Japan was part of the Allied Powers during World War I.
INFO:root:Answer: True
INFO:root:Question: Soccer player Cristiano Ronaldo opened a museum dedicated to himself.
INFO:root:Answer: True
INFO:root:Question: The United States Department of Homeland Security was formed in response to the September 11th attacks.
INFO:root:Answer: True
INFO:root:Question: "The Division Bell" is the final album of the progressive rock band Pink Floyd.
INFO:root:Answer: False
INFO:root:Question: "Rich Uncle Pennybags" from the board game "Monopoly" wears a monocle.
INFO:root:Answer: False
INFO:root:Question: L'Hôpital was the mathematician who created the homonymous rule that uses derivatives to evaluate limits with indeterminations.
INFO:root:Answer: False
INFO:root:Question: Finnish Lapphund dogs were used for herding reindeer.
INFO:root:Answer: True
INFO:root:Question: An episode of "The Simpsons" is dedicated to Moe Szyslak's bar rag.
INFO:root:Answer: True
INFO:root:Question: BMW M GmbH is a subsidiary of BMW AG that focuses on car performance.
INFO:root:Answer: True
INFO:root:Question: ATP tennis hosted several tournaments on carpet court before being replaced to reduce injuries.
INFO:root:Answer: True
INFO:root:https://opentdb.com/api.php?amount=10&type=boolean
INFO:root:Question: The retail disc of Tony Hawk's Pro Skater 5 only comes with the tutorial.
INFO:root:Answer: True
INFO:root:Question: The two atomic bombs dropped on Japan by the United States in August 1945 were named 'Little Man' and 'Fat Boy'.
INFO:root:Answer: False
INFO:root:Question: The Republic of Malta is the smallest microstate worldwide.
INFO:root:Answer: False
INFO:root:Question: A defibrillator is used to start up a heartbeat once a heart has stopped beating.
INFO:root:Answer: False
INFO:root:Question: 111,111,111 x 111,111,111 = 12,345,678,987,654,321
INFO:root:Answer: True
INFO:root:Question: In "Overwatch," an allied McCree will say "Step right up" upon using his ultimate ability Deadeye.
INFO:root:Answer: True
INFO:root:Question: The Angry Video Game Nerd's alter ego is "Board James".
INFO:root:Answer: True
INFO:root:Question: Romanian belongs to the Romance language family, shared with French, Spanish, Portuguese and Italian. 
INFO:root:Answer: True
INFO:root:Question: The last Windows operating system to be based on the Windows 9x kernel was Windows 98.
INFO:root:Answer: False
INFO:root:Question: The pickled gherkin was first added to hamburgers because a US health law required all fast-food to include a source of Vitamin C.
INFO:root:Answer: False
INFO:root:https://opentdb.com/api.php?amount=10&type=boolean
INFO:root:Question: Seoul is the capital of North Korea.
INFO:root:Answer: False
INFO:root:Question: The movie "The Nightmare before Christmas" was all done with physical objects.
INFO:root:Answer: True
INFO:root:Question: The Southeast Asian island of Borneo is politically divided among 3 countries.
INFO:root:Answer: True
INFO:root:Question: Luigi is taller than Mario?
INFO:root:Answer: True
INFO:root:Question: In Kingdom Hearts the Paopu fruit is said to intertwine the destinies for two people forever.
INFO:root:Answer: True
INFO:root:Question: Ferrari has never made a V10 engine for any of its cars.
INFO:root:Answer: False
INFO:root:Question: Oxford University is older than the Aztec Empire. 
INFO:root:Answer: True
INFO:root:Question: Marilyn Monroe was born on July 1, 1926.
INFO:root:Answer: False
INFO:root:Question: Blue Danube was one of the musical pieces featured in Disney's 1940's film Fantasia.
INFO:root:Answer: False
INFO:root:Question: The character Plum from "No Game No Life" is a girl.
INFO:root:Answer: False
INFO:root:https://opentdb.com/api.php?amount=10&type=boolean
INFO:root:Question: The common software-programming acronym "I18N" comes from the term "Interlocalization".
INFO:root:Answer: False
INFO:root:Question: French is an official language in Canada.
INFO:root:Answer: True
INFO:root:Question: The Japanese Shinkansen beat the French TGV's speed record for fastest electric rail train.
INFO:root:Answer: False
INFO:root:Question: It is automatically considered entrapment in the United States if the police sell you illegal substances without revealing themselves.
INFO:root:Answer: False
INFO:root:Question: Sitting for more than three hours a day can cut two years off a person's life expectancy.
INFO:root:Answer: True
INFO:root:Question: The Olympics tennis court is a giant green screen.
INFO:root:Answer: True
INFO:root:Question: In the original Star Wars trilogy, David Prowse was the actor who physically portrayed Darth Vader.
INFO:root:Answer: True
INFO:root:Question: In Battlestar Galactica (2004), Cylons were created by man as cybernetic workers and soldiers.
INFO:root:Answer: True
INFO:root:Question: During the Winter War, the amount of Soviet Union soliders that died or went missing was five times more than Finland's.
INFO:root:Answer: True
INFO:root:Question: Leonardo da Vinci was not the creator of the Mona Lisa.
INFO:root:Answer: False
INFO:root:https://opentdb.com/api.php?amount=10&type=boolean
INFO:root:Question: Leonardo DiCaprio won an Oscar for Best Actor in 2004's "The Aviator".
INFO:root:Answer: False
INFO:root:Question: You are allowed to sell your soul on eBay.
INFO:root:Answer: False
INFO:root:Question: In "Overwatch," an allied McCree will say "Step right up" upon using his ultimate ability Deadeye.
INFO:root:Answer: True
INFO:root:Question: The Sun rises from the North.
INFO:root:Answer: False
INFO:root:Question: Kissing someone for one minute burns about 2 calories.
INFO:root:Answer: True
INFO:root:Question: TF2: The Heavy's voice actor, Gary Schwartz, voices the Demoman as well 
INFO:root:Answer: True
INFO:root:Question: EDM label Monstercat signs tracks instead of artists.
INFO:root:Answer: True
INFO:root:Question: Harry Potter was born on July 31st, 1980.
INFO:root:Answer: True
INFO:root:Question: Wilt Chamberlain scored his infamous 100-point-game against the New York Knicks in 1962.
INFO:root:Answer: True
INFO:root:Question: George Clinton, Vice President of the United States (1805-1812), is an ancestor of President Bill Clinton.
INFO:root:Answer: False
INFO:root:https://opentdb.com/api.php?amount=10&type=boolean
INFO:root:Question: The music video to The Buggle's "Video Killed the Radio Star" was the first music video to broadcast on MTV.
INFO:root:Answer: True
INFO:root:Question: Pac-Man was invented by the designer Toru Iwatani while he was eating pizza.
INFO:root:Answer: True
INFO:root:Question: Scientists accidentally killed the once known world's oldest living creature, a mollusc, known to be aged as 507 years old.
INFO:root:Answer: True
INFO:root:Question: The Battle of Trafalgar took place on October 23rd, 1805
INFO:root:Answer: False
INFO:root:Question: In Pokémon Sun and Moon, a male Salandit can evolve to a Salazzle.
INFO:root:Answer: False
INFO:root:Question: Bugatti was an Italian car manufacturer.
INFO:root:Answer: False
INFO:root:Question: Waylon Smithers from "The Simpsons" was originally black when he first appeared in the series.
INFO:root:Answer: True
INFO:root:Question: "27 Club" is a term used to refer to a list of famous actors, musicians, and artists who died at the age of 27.
INFO:root:Answer: True
INFO:root:Question: Several characters in "Super Mario 64" blink their eyes, including Mario himself.
INFO:root:Answer: True
INFO:root:Question: Metallica collaborated with Rowan Atkinson's Mr Bean on a 1992 comic relief single.
INFO:root:Answer: False
INFO:root:https://opentdb.com/api.php?amount=10&type=boolean
INFO:root:Question: The common software-programming acronym "I18N" comes from the term "Interlocalization".
INFO:root:Answer: False
INFO:root:Question: Han Solo's co-pilot and best friend, "Chewbacca", is an Ewok.
INFO:root:Answer: False
INFO:root:Question: The 2016 United States Presidential Election is the first time Hillary Clinton has run for President.
INFO:root:Answer: False
INFO:root:Question: Roger Federer is a famous soccer player.
INFO:root:Answer: False
INFO:root:Question: For his performance at ComplexCon 2016 in Long Beach, California, Skrillex revived his "Mothership" set piece for one night only.
INFO:root:Answer: True
INFO:root:Question: In "Super Mario World", the rhino mini-boss, Reznor, is named after the lead singer of the band "Nine Inch Nails".
INFO:root:Answer: True
INFO:root:Question: In "Doctor Who", the Doctor gets his TARDIS by stealing it.
INFO:root:Answer: True
INFO:root:Question: "Foodfight!" earned less than $80,000 at box office.
INFO:root:Answer: True
INFO:root:Question: The video game "Fuel" has an open world that is 5,560 square miles?
INFO:root:Answer: True
INFO:root:Question: The man that shot Alexander Hamilton was named Aaron Burr.
INFO:root:Answer: True
INFO:root:https://opentdb.com/api.php?amount=10&type=boolean
INFO:root:Question: The song "Megalovania" by Toby Fox made its third appearence in the 2015 RPG "Undertale".
INFO:root:Answer: True
INFO:root:Question: DragonForce's 'Through the Fire and Flames' is widely considered to be the hardest song in the Guitar Hero series.
INFO:root:Answer: True
INFO:root:Question: Alaska is the largest state in the United States.
INFO:root:Answer: True
INFO:root:Question: "Number 16 Bus Shelter" was a child's name that was approved by the New Zealand government.
INFO:root:Answer: True
INFO:root:Question: Pablo Picasso is one of the founding fathers of "Cubism."
INFO:root:Answer: True
INFO:root:Question: When you cry in space, your tears stick to your face.
INFO:root:Answer: True
INFO:root:Question: During the 2016 United States presidential election, the State of California possessed the most electoral votes, having 55.
INFO:root:Answer: True
INFO:root:Question: In RuneScape, one must complete the "Dragon Slayer" quest before equipping Rune Platelegs.
INFO:root:Answer: False
INFO:root:Question: During the Winter War, the amount of Soviet Union soliders that died or went missing was five times more than Finland's.
INFO:root:Answer: True
INFO:root:Question: Codemasters is the developer of the Gran Turismo series.
INFO:root:Answer: False
INFO:root:https://opentdb.com/api.php?amount=10&type=boolean
INFO:root:Question: Michael Jackson had a pet python named ‘Crusher’.
INFO:root:Answer: True
INFO:root:Question: Scottish producer Calvin Harris is from the town of Dumfries, Scotland.
INFO:root:Answer: True
INFO:root:Question: Metal Gear Solid V: The Phantom Pain runs on the Fox Engine.
INFO:root:Answer: True
INFO:root:Question: Theodore Roosevelt Jr. was the only General involved in the initial assault on D-Day.
INFO:root:Answer: True
INFO:root:Question: The television show Doctor Who first aired in 1963.
INFO:root:Answer: True
INFO:root:Question: The chemical element Lithium is named after the country of Lithuania.
INFO:root:Answer: False
INFO:root:Question: Scatman John's real name was John Paul Larkin.
INFO:root:Answer: True
INFO:root:Question: A 'Millinillion' is a real number.
INFO:root:Answer: True
INFO:root:Question: Rabbits can see what's behind themselves without turning their heads.
INFO:root:Answer: True
INFO:root:Question: A Facebook campaign placed Rage Against The Machine's "Killing in the Name Of" as the UK Christmas Number 1 in 2009.
INFO:root:Answer: True
INFO:root:https://opentdb.com/api.php?amount=10&type=boolean
INFO:root:https://opentdb.com/api.php?amount=10&type=boolean
INFO:root:Question: An atom contains a nucleus.
INFO:root:Answer: True
INFO:root:Question: The full English name of the car manufacturer BMW is Bavarian Motor Works
INFO:root:Answer: True
INFO:root:Question: Ana was added as a new hero for the game Overwatch on July 19th, 2016.
INFO:root:Answer: True
INFO:root:Question: Brandon Routh plays the titular character in the movie "John Wick".
INFO:root:Answer: False
INFO:root:Question: Marilyn Monroe was born on July 1, 1926.
INFO:root:Answer: False
INFO:root:Question: You can square root a negative number with an imaginary number "i".
INFO:root:Answer: True
INFO:root:Question: Metallica collaborated with Rowan Atkinson's Mr Bean on a 1992 comic relief single.
INFO:root:Answer: False
INFO:root:Question: The pickled gherkin was first added to hamburgers because a US health law required all fast-food to include a source of Vitamin C.
INFO:root:Answer: False
INFO:root:Question: Slovakia is a member of European Union-
INFO:root:Answer: True
INFO:root:Question: The Harry Potter series of books, combined, are over 1,000,000 words in length.
INFO:root:Answer: True
INFO:root:https://opentdb.com/api.php?amount=10&type=boolean
INFO:root:Question: In "Super Mario 64", collecting 100 coins on a level will give you a 1-UP.
INFO:root:Answer: False
INFO:root:Question: There are 86400 seconds in a day.
INFO:root:Answer: True
INFO:root:Question: "Half-Life 2" runs on the Source Engine.
INFO:root:Answer: True
INFO:root:Question: "Windows NT" is a monolithic kernel.
INFO:root:Answer: False
INFO:root:Question: In Undertale, having a "Fun Value" set to 56-57 will play the "Wrong Number Song Call".
INFO:root:Answer: False
INFO:root:Question: There is a Donald Trump Board Game, which was made in 1989.
INFO:root:Answer: True
INFO:root:Question: In the movie The Revenant, DiCaprio's character hunts down the killer of his son.
INFO:root:Answer: True
INFO:root:Question: Martin Luther King Jr. and Anne Frank were born the same year. 
INFO:root:Answer: True
INFO:root:Question: Valve's "Portal" and "Half-Life" franchises exist within the same in-game universe.
INFO:root:Answer: True
INFO:root:Question: Shang Tsung is a playable character in Mortal Kombat XL.
INFO:root:Answer: False
INFO:root:https://opentdb.com/api.php?amount=10&type=boolean
INFO:root:Question: The Axolotl is an amphibian that can spend its whole life in a larval state.
INFO:root:Answer: True
INFO:root:Question: An octopus can fit through any hole larger than its beak.
INFO:root:Answer: True
INFO:root:Question: The cover of The Beatles album "Abbey Road" featured a Volkswagen Beetle in the background.
INFO:root:Answer: True
INFO:root:Question: A universal set, or a set that contains all sets, exists.
INFO:root:Answer: False
INFO:root:Question: Luigi is taller than Mario?
INFO:root:Answer: True
INFO:root:Question: The average lifespan of a wildcat is only around 5-6 years. 
INFO:root:Answer: False
INFO:root:Question: In the Season One Championship of "League of Legends", the highest achievable rank was Diamond.
INFO:root:Answer: False
INFO:root:Question: Sound can travel through a vacuum.
INFO:root:Answer: False
INFO:root:Question: The video game "Fuel" has an open world that is 5,560 square miles?
INFO:root:Answer: True
INFO:root:Question: The snowmobile was invented by Canadian Joseph-Armand Bombardier in 1937.
INFO:root:Answer: True
INFO:root:https://opentdb.com/api.php?amount=10&type=boolean
INFO:root:Question: The Mann Co. Store from Team Fortress 2 has the slogan "We hire mercenaries and get in fights".
INFO:root:Answer: False
INFO:root:Question: The US emergency hotline is 911 because of the September 11th terrorist attacks.
INFO:root:Answer: False
INFO:root:Question: The proof for the Chinese Remainder Theorem used in Number Theory was NOT developed by its first publisher, Sun Tzu.
INFO:root:Answer: True
INFO:root:Question: The anime Attack on Titan was directed by Tetsurō Araki, the same person who directed the anime Highschool of the Dead.
INFO:root:Answer: True
INFO:root:Question: Stephen Chbosky wrote the book 'The Perks of Being A Wallflower'.
INFO:root:Answer: True
INFO:root:Question: Roger Federer is a famous soccer player.
INFO:root:Answer: False
INFO:root:Question: The last Windows operating system to be based on the Windows 9x kernel was Windows 98.
INFO:root:Answer: False
INFO:root:Question: The Killer Whale is considered a type of dolphin.
INFO:root:Answer: True
INFO:root:Question: Several characters in "Super Mario 64" blink their eyes, including Mario himself.
INFO:root:Answer: True
INFO:root:Question: The protagonist's names in 'Who's Afraid of Virginia Woolf', George and Martha, were derived from George Washington and his wife.
INFO:root:Answer: True
